<?xml version="1.0" encoding="UTF-8"?>
<!-- Generated by org.testng.reporters.JUnitReportReporter -->
<testsuite hostname="DESKTOP-7F0CJAC" failures="0" tests="4" name="TestClasses.Test1" time="5.843" errors="0" timestamp="2024-03-22T13:11:25 IST" skipped="0">
  <testcase classname="TestClasses.Test1" name="VerifyUserCanLogin" time="0.221"/>
  <system-out/>
  <testcase classname="TestClasses.Test1" name="VerifyUserCanLogin" time="0.103"/>
  <system-out/>
  <testcase classname="TestClasses.Test1" name="VerifyUserCanCreateNewAccount" time="2.243"/>
  <system-out/>
  <testcase classname="TestClasses.Test1" name="VerifyUserCanCreateNewAccount" time="3.276"/>
  <system-out/>
</testsuite> <!-- TestClasses.Test1 -->
